2023-04-03 03:01:31.807092 - Initialized conversion of CBT836
2023-04-03 03:01:32.393624 - Received CBT.V504.FILE836.PDS from FILE836.XMI 
2023-04-03 03:01:32.396109 - Found $$$#DATE.txt (text/plain) in CBT.V504.FILE836.PDS, moved to PDS/$$$#DATE
2023-04-03 03:01:32.397467 - Found @FILE836.txt (text/plain) in CBT.V504.FILE836.PDS, moved to PDS/@FILE836
2023-04-03 03:01:32.398574 - Found ADJUST.txt (text/plain) in CBT.V504.FILE836.PDS, moved to PDS/ADJUST
2023-04-03 03:01:32.399613 - Found ASVTSCA$.jcl (text/plain) in CBT.V504.FILE836.PDS, moved to PDS/ASVTSCA$
2023-04-03 03:01:32.400889 - Found ASVTSCA@.jcl (text/plain) in CBT.V504.FILE836.PDS, moved to PDS/ASVTSCA@
2023-04-03 03:01:32.402058 - Found ASVTSCAN.txt (text/plain) in CBT.V504.FILE836.PDS, moved to PDS/ASVTSCAN
2023-04-03 03:01:32.403083 - Found ASVTSCAT.txt (text/plain) in CBT.V504.FILE836.PDS, moved to PDS/ASVTSCAT
2023-04-03 03:01:32.404141 - Found CHKASVT.txt (text/plain) in CBT.V504.FILE836.PDS, moved to PDS/CHKASVT
2023-04-03 03:01:32.405267 - Found CLS.txt (text/plain) in CBT.V504.FILE836.PDS, moved to PDS/CLS
2023-04-03 03:01:32.406188 - Found CLS$.jcl (text/plain) in CBT.V504.FILE836.PDS, moved to PDS/CLS$
2023-04-03 03:01:32.407109 - Found CLS#.txt (text/plain) in CBT.V504.FILE836.PDS, moved to PDS/CLS#
2023-04-03 03:01:32.408205 - Found DFRMM.txt (text/plain) in CBT.V504.FILE836.PDS, moved to PDS/DFRMM
2023-04-03 03:01:32.409274 - Found EDTDSPLY.rexx (text/plain) in CBT.V504.FILE836.PDS, moved to PDS/EDTDSPLY
2023-04-03 03:01:32.410223 - Found EDTINF.txt (text/plain) in CBT.V504.FILE836.PDS, moved to PDS/EDTINF
2023-04-03 03:01:32.411146 - Found EDTINF$.jcl (text/plain) in CBT.V504.FILE836.PDS, moved to PDS/EDTINF$
2023-04-03 03:01:32.412064 - Found EDTPAN01.txt (text/plain) in CBT.V504.FILE836.PDS, moved to PDS/EDTPAN01
2023-04-03 03:01:32.413004 - Found EDTPAN02.txt (text/plain) in CBT.V504.FILE836.PDS, moved to PDS/EDTPAN02
2023-04-03 03:01:32.413929 - Found ESVCSCAN.txt (text/plain) in CBT.V504.FILE836.PDS, moved to PDS/ESVCSCAN
2023-04-03 03:01:32.414846 - Found FINDSYSI.txt (text/plain) in CBT.V504.FILE836.PDS, moved to PDS/FINDSYSI
2023-04-03 03:01:32.416008 - Found GETDEVNM.rexx (text/plain) in CBT.V504.FILE836.PDS, moved to PDS/GETDEVNM
2023-04-03 03:01:32.417204 - Found GETDEVP1.txt (text/plain) in CBT.V504.FILE836.PDS, moved to PDS/GETDEVP1
2023-04-03 03:01:32.418218 - Found GETDEVP2.txt (text/plain) in CBT.V504.FILE836.PDS, moved to PDS/GETDEVP2
2023-04-03 03:01:32.419303 - Found GETDEVP3.txt (text/plain) in CBT.V504.FILE836.PDS, moved to PDS/GETDEVP3
2023-04-03 03:01:32.420235 - Found GETDEVP4.txt (text/plain) in CBT.V504.FILE836.PDS, moved to PDS/GETDEVP4
2023-04-03 03:01:32.421160 - Found GETDSN.txt (text/plain) in CBT.V504.FILE836.PDS, moved to PDS/GETDSN
2023-04-03 03:01:32.422077 - Found GETDSN$.jcl (text/plain) in CBT.V504.FILE836.PDS, moved to PDS/GETDSN$
2023-04-03 03:01:32.423017 - Found GETDSN$$.jcl (text/plain) in CBT.V504.FILE836.PDS, moved to PDS/GETDSN$$
2023-04-03 03:01:32.424134 - Found GETDSNM.txt (text/plain) in CBT.V504.FILE836.PDS, moved to PDS/GETDSNM
2023-04-03 03:01:32.425218 - Found GETUADD$.jcl (text/plain) in CBT.V504.FILE836.PDS, moved to PDS/GETUADD$
2023-04-03 03:01:32.426245 - Found GETUADDR.txt (text/plain) in CBT.V504.FILE836.PDS, moved to PDS/GETUADDR
2023-04-03 03:01:32.427299 - Found LLASTATS.rexx (text/plain) in CBT.V504.FILE836.PDS, moved to PDS/LLASTATS
2023-04-03 03:01:32.428345 - Found LOADPAR@.txt (text/plain) in CBT.V504.FILE836.PDS, moved to PDS/LOADPAR@
2023-04-03 03:01:32.429404 - Found LOADPARM.rexx (text/plain) in CBT.V504.FILE836.PDS, moved to PDS/LOADPARM
2023-04-03 03:01:32.430400 - Found MORESYSI.txt (text/plain) in CBT.V504.FILE836.PDS, moved to PDS/MORESYSI
2023-04-03 03:01:32.478181 - Found PRSMINFO.xmi (application/xmit) in CBT.V504.FILE836.PDS
2023-04-03 03:01:32.488669   - Received to CBT836/PRSMINFO.PDS
2023-04-03 03:01:32.489774 - Found RACFAUT$.jcl (text/plain) in CBT.V504.FILE836.PDS, moved to PDS/RACFAUT$
2023-04-03 03:01:32.490871 - Found RACFAUT@.txt (text/plain) in CBT.V504.FILE836.PDS, moved to PDS/RACFAUT@
2023-04-03 03:01:32.491904 - Found RACFAUTH.txt (text/plain) in CBT.V504.FILE836.PDS, moved to PDS/RACFAUTH
2023-04-03 03:01:32.493018 - Found RACRAUTH.rexx (text/plain) in CBT.V504.FILE836.PDS, moved to PDS/RACRAUTH
2023-04-03 03:01:32.494160 - Found RACROUT$.jcl (text/plain) in CBT.V504.FILE836.PDS, moved to PDS/RACROUT$
2023-04-03 03:01:32.495270 - Found RACROUTE.txt (text/plain) in CBT.V504.FILE836.PDS, moved to PDS/RACROUTE
2023-04-03 03:01:32.496302 - Found RACROU00.txt (text/plain) in CBT.V504.FILE836.PDS, moved to PDS/RACROU00
2023-04-03 03:01:32.497473 - Found RGENR.rexx (text/plain) in CBT.V504.FILE836.PDS, moved to PDS/RGENR
2023-04-03 03:01:32.498581 - Found RGENR#.txt (text/plain) in CBT.V504.FILE836.PDS, moved to PDS/RGENR#
2023-04-03 03:01:32.499741 - Found RXINSTRM.rexx (text/plain) in CBT.V504.FILE836.PDS, moved to PDS/RXINSTRM
2023-04-03 03:01:32.500806 - Found SCANSUB$.jcl (text/plain) in CBT.V504.FILE836.PDS, moved to PDS/SCANSUB$
2023-04-03 03:01:32.501871 - Found SCANSUB@.jcl (text/plain) in CBT.V504.FILE836.PDS, moved to PDS/SCANSUB@
2023-04-03 03:01:32.503154 - Found SCANSUBS.txt (text/plain) in CBT.V504.FILE836.PDS, moved to PDS/SCANSUBS
2023-04-03 03:01:32.504179 - Found SEND@.txt (text/plain) in CBT.V504.FILE836.PDS, moved to PDS/SEND@
2023-04-03 03:01:32.505401 - Found SEND@$.jcl (text/plain) in CBT.V504.FILE836.PDS, moved to PDS/SEND@$
2023-04-03 03:01:32.506596 - Found SEND@#.txt (text/plain) in CBT.V504.FILE836.PDS, moved to PDS/SEND@#
2023-04-03 03:01:32.507756 - Found SHOWALOC.txt (text/plain) in CBT.V504.FILE836.PDS, moved to PDS/SHOWALOC
2023-04-03 03:01:32.508760 - Found SMPEMOVE.txt (text/plain) in CBT.V504.FILE836.PDS, moved to PDS/SMPEMOVE
2023-04-03 03:01:32.509750 - Found STRPATRN.txt (text/plain) in CBT.V504.FILE836.PDS, moved to PDS/STRPATRN
2023-04-03 03:01:32.510666 - Found SUBCOMS.txt (text/plain) in CBT.V504.FILE836.PDS, moved to PDS/SUBCOMS
2023-04-03 03:01:32.511785 - Found SUBCOMS$.jcl (text/plain) in CBT.V504.FILE836.PDS, moved to PDS/SUBCOMS$
2023-04-03 03:01:32.512825 - Found SUBSYS.rexx (text/plain) in CBT.V504.FILE836.PDS, moved to PDS/SUBSYS
2023-04-03 03:01:32.512835 - Found SUBSYSAR.bin containing application/octet-stream, moved to PDS/SUBSYSAR
2023-04-03 03:01:32.514751 - Found SUBSYSP1.txt (text/plain) in CBT.V504.FILE836.PDS, moved to PDS/SUBSYSP1
2023-04-03 03:01:32.515835 - Found SUBSYSP2.txt (text/plain) in CBT.V504.FILE836.PDS, moved to PDS/SUBSYSP2
2023-04-03 03:01:32.516855 - Found SUBSYSP3.txt (text/plain) in CBT.V504.FILE836.PDS, moved to PDS/SUBSYSP3
2023-04-03 03:01:32.517815 - Found SVCR.rexx (text/plain) in CBT.V504.FILE836.PDS, moved to PDS/SVCR
2023-04-03 03:01:32.518804 - Found SVCRPAN1.txt (text/plain) in CBT.V504.FILE836.PDS, moved to PDS/SVCRPAN1
2023-04-03 03:01:32.519848 - Found SVCRPAN2.txt (text/plain) in CBT.V504.FILE836.PDS, moved to PDS/SVCRPAN2
2023-04-03 03:01:32.520881 - Found SVCRPAN3.txt (text/plain) in CBT.V504.FILE836.PDS, moved to PDS/SVCRPAN3
2023-04-03 03:01:32.521834 - Found SVCUPDRC.txt (text/plain) in CBT.V504.FILE836.PDS, moved to PDS/SVCUPDRC
2023-04-03 03:01:32.521844 - Found SWRID.bin containing application/octet-stream, moved to PDS/SWRID
2023-04-03 03:01:32.523871 - Found SWRID$.jcl (text/plain) in CBT.V504.FILE836.PDS, moved to PDS/SWRID$
2023-04-03 03:01:32.524852 - Found SWRID$22.jcl (text/plain) in CBT.V504.FILE836.PDS, moved to PDS/SWRID$22
2023-04-03 03:01:32.525917 - Found SWRID#.txt (text/plain) in CBT.V504.FILE836.PDS, moved to PDS/SWRID#
2023-04-03 03:01:32.525928 - Found USEID.bin containing application/octet-stream, moved to PDS/USEID
2023-04-03 03:01:32.527927 - Found USEID$.jcl (text/plain) in CBT.V504.FILE836.PDS, moved to PDS/USEID$
2023-04-03 03:01:32.528784 - Found USEID@.txt (text/plain) in CBT.V504.FILE836.PDS, moved to PDS/USEID@
2023-04-03 03:01:32.528792 - Found USEID22.bin containing application/octet-stream, moved to PDS/USEID22
2023-04-03 03:01:32.530575 - Found USEID22$.jcl (text/plain) in CBT.V504.FILE836.PDS, moved to PDS/USEID22$
2023-04-03 03:01:32.531598 - Found WHEREIS.txt (text/plain) in CBT.V504.FILE836.PDS, moved to PDS/WHEREIS
2023-04-03 03:01:32.532602 - Found WHEREIS$.jcl (text/plain) in CBT.V504.FILE836.PDS, moved to PDS/WHEREIS$
2023-04-03 03:01:32.533575 - Found WHEREIS#.jcl (text/plain) in CBT.V504.FILE836.PDS, moved to PDS/WHEREIS#
2023-04-03 03:01:32.534482 - Found WTOPROG.txt (text/plain) in CBT.V504.FILE836.PDS, moved to PDS/WTOPROG
2023-04-03 03:01:32.535411 - Found WTOPROG$.jcl (text/plain) in CBT.V504.FILE836.PDS, moved to PDS/WTOPROG$
2023-04-03 03:01:32.536280 - Found WTOPROG#.txt (text/plain) in CBT.V504.FILE836.PDS, moved to PDS/WTOPROG#
2023-04-03 03:01:32.537144 - Found WTOPROGA.txt (text/plain) in CBT.V504.FILE836.PDS, moved to PDS/WTOPROGA
2023-04-03 03:01:32.538002 - Found WTOPROGN.jcl (text/plain) in CBT.V504.FILE836.PDS, moved to PDS/WTOPROGN
2023-04-03 03:01:32.538874 - Found WTOPROGW.jcl (text/plain) in CBT.V504.FILE836.PDS, moved to PDS/WTOPROGW
2023-04-03 03:01:32.539938 - Found WTOPROGY.jcl (text/plain) in CBT.V504.FILE836.PDS, moved to PDS/WTOPROGY
2023-04-03 03:01:32.540865 - Found ZTDM.rexx (text/plain) in CBT.V504.FILE836.PDS, moved to PDS/ZTDM
